d:\dzmm\polykek,3sem\sfml\sfml\sfml\x64\release\vc141.pdb
d:\dzmm\polykek,3sem\sfml\sfml\sfml\x64\release\source.obj
d:\dzmm\polykek,3sem\sfml\sfml\sfml\x64\release\ship.obj
d:\dzmm\polykek,3sem\sfml\sfml\sfml\x64\release\point.obj
d:\dzmm\polykek,3sem\sfml\sfml\sfml\x64\release\player.obj
d:\dzmm\polykek,3sem\sfml\sfml\sfml\x64\release\game.obj
d:\dzmm\polykek,3sem\sfml\sfml\sfml\x64\release\field.obj
d:\dzmm\polykek,3sem\sfml\sfml\sfml\x64\release\aiplayer.obj
d:\dzmm\polykek,3sem\sfml\sfml\sfml\x64\release\actor.obj
d:\dzmm\polykek,3sem\sfml\sfml\x64\release\sfml.exe
d:\dzmm\polykek,3sem\sfml\sfml\x64\release\sfml.pdb
d:\dzmm\polykek,3sem\sfml\sfml\x64\release\sfml.ipdb
d:\dzmm\polykek,3sem\sfml\sfml\x64\release\sfml.iobj
d:\dzmm\polykek,3sem\sfml\sfml\sfml\x64\release\sfml.tlog\cl.command.1.tlog
d:\dzmm\polykek,3sem\sfml\sfml\sfml\x64\release\sfml.tlog\cl.read.1.tlog
d:\dzmm\polykek,3sem\sfml\sfml\sfml\x64\release\sfml.tlog\cl.write.1.tlog
d:\dzmm\polykek,3sem\sfml\sfml\sfml\x64\release\sfml.tlog\link.command.1.tlog
d:\dzmm\polykek,3sem\sfml\sfml\sfml\x64\release\sfml.tlog\link.read.1.tlog
d:\dzmm\polykek,3sem\sfml\sfml\sfml\x64\release\sfml.tlog\link.write.1.tlog
d:\dzmm\polykek,3sem\sfml\sfml\sfml\x64\release\sfml.tlog\sfml.write.1u.tlog
